<?xml version="1.0" encoding="UTF-8"?>
<!-- Generated by org.testng.reporters.JUnitReportReporter -->
<testsuite hostname="DESKTOP-M6N27R8" failures="0" tests="1" name="test.PostApiTest" time="3.147" errors="0" timestamp="2024-10-09T11:05:57 PDT" skipped="0">
  <testcase classname="test.PostApiTest" name="createGooglePlace" time="3.147"/>
</testsuite> <!-- test.PostApiTest -->
